# JRE version: Java(TM) SE Runtime Environment (8.0_25-b18) (build 1.8.0_25-b18)
# Java VM: Java HotSpot(TM) Client VM (25.25-b02 mixed mode, sharing windows-x86 )
Heap:
 def new generation   total 17216K, used 13140K [0x04600000, 0x058a0000, 0x09b50000)
  eden space 15360K,  83% used [0x04600000, 0x05299918, 0x05500000)
  from space 1856K,  12% used [0x056d0000, 0x0570b998, 0x058a0000)
  to   space 1856K,   0% used [0x05500000, 0x05500000, 0x056d0000)
 tenured generation   total 38108K, used 22862K [0x09b50000, 0x0c087000, 0x14600000)
   the space 38108K,  59% used [0x09b50000, 0x0b1a3b08, 0x0b1a3c00, 0x0c087000)
 Metaspace       used 2844K, capacity 4878K, committed 4992K, reserved 5504K
GC Heap History (10 events):
Event: 196.877 GC heap before
{Heap before GC invocations=68 (full 3):
 def new generation   total 17216K, used 15360K [0x04600000, 0x058a0000, 0x09b50000)
  eden space 15360K, 100% used [0x04600000, 0x05500000, 0x05500000)
  from space 1856K,   0% used [0x05500000, 0x05500000, 0x056d0000)
  to   space 1856K,   0% used [0x056d0000, 0x056d0000, 0x058a0000)
 tenured generation   total 38108K, used 22862K [0x09b50000, 0x0c087000, 0x14600000)
   the space 38108K,  59% used [0x09b50000, 0x0b1a3b08, 0x0b1a3c00, 0x0c087000)
 Metaspace       used 2843K, capacity 4878K, committed 4992K, reserved 5504K
Event: 196.883 GC heap after
Heap after GC invocations=69 (full 3):
 def new generation   total 17216K, used 251K [0x04600000, 0x058a0000, 0x09b50000)
  eden space 15360K,   0% used [0x04600000, 0x04600000, 0x05500000)
  from space 1856K,  13% used [0x056d0000, 0x0570ece8, 0x058a0000)
  to   space 1856K,   0% used [0x05500000, 0x05500000, 0x056d0000)
 tenured generation   total 38108K, used 22862K [0x09b50000, 0x0c087000, 0x14600000)
   the space 38108K,  59% used [0x09b50000, 0x0b1a3b08, 0x0b1a3c00, 0x0c087000)
 Metaspace       used 2843K, capacity 4878K, committed 4992K, reserved 5504K
}
Event: 697.726 GC heap before
{Heap before GC invocations=69 (full 3):
 def new generation   total 17216K, used 15611K [0x04600000, 0x058a0000, 0x09b50000)
  eden space 15360K, 100% used [0x04600000, 0x05500000, 0x05500000)
  from space 1856K,  13% used [0x056d0000, 0x0570ece8, 0x058a0000)
  to   space 1856K,   0% used [0x05500000, 0x05500000, 0x056d0000)
 tenured generation   total 38108K, used 22862K [0x09b50000, 0x0c087000, 0x14600000)
   the space 38108K,  59% used [0x09b50000, 0x0b1a3b08, 0x0b1a3c00, 0x0c087000)
 Metaspace       used 2843K, capacity 4878K, committed 4992K, reserved 5504K
Event: 697.731 GC heap after
Heap after GC invocations=70 (full 3):
 def new generation   total 17216K, used 238K [0x04600000, 0x058a0000, 0x09b50000)
  eden space 15360K,   0% used [0x04600000, 0x04600000, 0x05500000)
  from space 1856K,  12% used [0x05500000, 0x0553b998, 0x056d0000)
  to   space 1856K,   0% used [0x056d0000, 0x056d0000, 0x058a0000)
 tenured generation   total 38108K, used 22862K [0x09b50000, 0x0c087000, 0x14600000)
   the space 38108K,  59% used [0x09b50000, 0x0b1a3b08, 0x0b1a3c00, 0x0c087000)
 Metaspace       used 2843K, capacity 4878K, committed 4992K, reserved 5504K
}
Event: 1309.562 GC heap before
{Heap before GC invocations=70 (full 3):
 def new generation   total 17216K, used 15598K [0x04600000, 0x058a0000, 0x09b50000)
  eden space 15360K, 100% used [0x04600000, 0x05500000, 0x05500000)
  from space 1856K,  12% used [0x05500000, 0x0553b998, 0x056d0000)
  to   space 1856K,   0% used [0x056d0000, 0x056d0000, 0x058a0000)
 tenured generation   total 38108K, used 22862K [0x09b50000, 0x0c087000, 0x14600000)
   the space 38108K,  59% used [0x09b50000, 0x0b1a3b08, 0x0b1a3c00, 0x0c087000)
 Metaspace       used 2843K, capacity 4878K, committed 4992K, reserved 5504K
Event: 1309.566 GC heap after
Heap after GC invocations=71 (full 3):
 def new generation   total 17216K, used 238K [0x04600000, 0x058a0000, 0x09b50000)
  eden space 15360K,   0% used [0x04600000, 0x04600000, 0x05500000)
  from space 1856K,  12% used [0x056d0000, 0x0570b998, 0x058a0000)
  to   space 1856K,   0% used [0x05500000, 0x05500000, 0x056d0000)
 tenured generation   total 38108K, used 22862K [0x09b50000, 0x0c087000, 0x14600000)
   the space 38108K,  59% used [0x09b50000, 0x0b1a3b08, 0x0b1a3c00, 0x0c087000)
 Metaspace       used 2843K, capacity 4878K, committed 4992K, reserved 5504K
}
Event: 1699.490 GC heap before
{Heap before GC invocations=71 (full 3):
 def new generation   total 17216K, used 15598K [0x04600000, 0x058a0000, 0x09b50000)
  eden space 15360K, 100% used [0x04600000, 0x05500000, 0x05500000)
  from space 1856K,  12% used [0x056d0000, 0x0570b998, 0x058a0000)
  to   space 1856K,   0% used [0x05500000, 0x05500000, 0x056d0000)
 tenured generation   total 38108K, used 22862K [0x09b50000, 0x0c087000, 0x14600000)
   the space 38108K,  59% used [0x09b50000, 0x0b1a3b08, 0x0b1a3c00, 0x0c087000)
 Metaspace       used 2843K, capacity 4878K, committed 4992K, reserved 5504K
Event: 1699.493 GC heap after
Heap after GC invocations=72 (full 3):
 def new generation   total 17216K, used 238K [0x04600000, 0x058a0000, 0x09b50000)
  eden space 15360K,   0% used [0x04600000, 0x04600000, 0x05500000)
  from space 1856K,  12% used [0x05500000, 0x0553b998, 0x056d0000)
  to   space 1856K,   0% used [0x056d0000, 0x056d0000, 0x058a0000)
 tenured generation   total 38108K, used 22862K [0x09b50000, 0x0c087000, 0x14600000)
   the space 38108K,  59% used [0x09b50000, 0x0b1a3b08, 0x0b1a3c00, 0x0c087000)
 Metaspace       used 2843K, capacity 4878K, committed 4992K, reserved 5504K
}
Event: 2449.346 GC heap before
{Heap before GC invocations=72 (full 3):
 def new generation   total 17216K, used 15598K [0x04600000, 0x058a0000, 0x09b50000)
  eden space 15360K, 100% used [0x04600000, 0x05500000, 0x05500000)
  from space 1856K,  12% used [0x05500000, 0x0553b998, 0x056d0000)
  to   space 1856K,   0% used [0x056d0000, 0x056d0000, 0x058a0000)
 tenured generation   total 38108K, used 22862K [0x09b50000, 0x0c087000, 0x14600000)
   the space 38108K,  59% used [0x09b50000, 0x0b1a3b08, 0x0b1a3c00, 0x0c087000)
 Metaspace       used 2843K, capacity 4878K, committed 4992K, reserved 5504K
Event: 2449.349 GC heap after
Heap after GC invocations=73 (full 3):
 def new generation   total 17216K, used 238K [0x04600000, 0x058a0000, 0x09b50000)
  eden space 15360K,   0% used [0x04600000, 0x04600000, 0x05500000)
  from space 1856K,  12% used [0x056d0000, 0x0570b998, 0x058a0000)
  to   space 1856K,   0% used [0x05500000, 0x05500000, 0x056d0000)
 tenured generation   total 38108K, used 22862K [0x09b50000, 0x0c087000, 0x14600000)
   the space 38108K,  59% used [0x09b50000, 0x0b1a3b08, 0x0b1a3c00, 0x0c087000)
 Metaspace       used 2843K, capacity 4878K, committed 4992K, reserved 5504K
}

